<?xml version="1.0" encoding="UTF-8" ?>
<testsuite errors="1" failures="0" hostname="misty" name="util.BeanUtilsTest" tests="1" time="0.095" timestamp="2011-05-16T00:04:02">
  <properties>
[...]
</properties>
  <testcase classname="util.BeanUtilsTest" name="testConvert" time="0.05">
    <error message="java.lang.NoSuchMethodException: Property &apos;id&apos; has no getter method in class &apos;class util.BeanUtilsTest$Item&apos;" type="util.ConvertException">util.ConvertException: java.lang.NoSuchMethodException: Property &apos;id&apos; has no getter method in class &apos;class util.BeanUtilsTest$Item&apos;
	at util.BeanUtils.convert(BeanUtils.java:29)
	at util.BeanUtilsTest.testConvert(BeanUtilsTest.java:76)
Caused by: java.lang.NoSuchMethodException: Property &apos;id&apos; has no getter method in class &apos;class util.BeanUtilsTest$Item&apos;
	at org.apache.commons.beanutils.PropertyUtilsBean.getSimpleProperty(PropertyUtilsBean.java:1327)
	at org.apache.commons.beanutils.PropertyUtilsBean.getNestedProperty(PropertyUtilsBean.java:770)
	at org.apache.commons.beanutils.BeanUtilsBean.getNestedProperty(BeanUtilsBean.java:715)
	at org.apache.commons.beanutils.BeanUtilsBean.getProperty(BeanUtilsBean.java:741)
	at org.apache.commons.beanutils.BeanUtils.getProperty(BeanUtils.java:382)
	at util.BeanUtils.convert(BeanUtils.java:22)
</error>
  </testcase>
  <system-out><![CDATA[]]></system-out>
  <system-err><![CDATA[]]></system-err>
</testsuite>
